2022/12/01 22:56:48 base.go:21: sql: unknown driver "" (forgotten import?)
2022/12/01 22:59:14 base.go:23: sql: unknown driver "" (forgotten import?)
2022/12/01 23:07:58 base.go:23: sql: unknown driver "" (forgotten import?)
2022/12/01 23:12:05 base.go:23: sql: unknown driver "" (forgotten import?)
2022/12/01 23:12:14 main.go:16: test
2022/12/02 18:52:04 main.go:16: test
2022/12/02 18:56:43 main.go:16: test
2022/12/02 19:02:37 base.go:23: sql: unknown driver "" (forgotten import?)
2022/12/02 19:08:09 base.go:23: sql: unknown driver "" (forgotten import?)
2022/12/02 19:09:08 base.go:23: sql: unknown driver "" (forgotten import?)
2022/12/02 19:11:57 base.go:23: sql: unknown driver "" (forgotten import?)
2022/12/02 19:14:34 base.go:23: sql: unknown driver "" (forgotten import?)
2022/12/02 19:16:16 main.go:17: test
2022/12/07 17:48:12 users.go:57: near "upadate": syntax error
2022/12/07 17:48:39 users.go:57: near "where": syntax error
2022/12/07 17:50:32 users.go:57: near "where": syntax error
2022/12/07 17:55:19 users.go:57: near "where": syntax error
2022/12/07 18:08:19 users.go:57: UNIQUE constraint failed: users.id
2022/12/07 18:08:35 users.go:57: near "where": syntax error
2022/12/07 18:09:32 users.go:57: near "where": syntax error
2022/12/07 18:21:49 users.go:57: near "where": syntax error
